<?xml version="1.0" encoding="UTF-8"?>
<!-- Generated by org.testng.reporters.JUnitReportReporter -->
<testsuite hostname="Riddhis-MacBook-Air.local" failures="0" tests="1" name="com.crm.qa.testcases.HomeTest" time="13.399" errors="0" timestamp="2022-05-16T11:39:39 EDT" skipped="0">
  <testcase classname="com.crm.qa.testcases.HomeTest" name="checkUserDisplayTest" time="13.399"/>
  <system-out/>
</testsuite> <!-- com.crm.qa.testcases.HomeTest -->
