<?xml version="1.0" encoding="UTF-8"?>
<!-- Generated by org.testng.reporters.JUnitReportReporter -->
<testsuite hostname="Riddhis-MacBook-Air.local" failures="0" tests="2" name="com.crm.qa.testcases.LoginTest" time="15.683" errors="0" timestamp="2022-05-11T19:15:42 EDT" skipped="0">
  <testcase classname="com.crm.qa.testcases.LoginTest" name="loginTitleTest" time="10.262"/>
  <system-out/>
  <testcase classname="com.crm.qa.testcases.LoginTest" name="loginTest" time="5.421"/>
  <system-out/>
</testsuite> <!-- com.crm.qa.testcases.LoginTest -->
